<?xml version="1.0" encoding="UTF-8"?>
<testsuite xmlns:xsi="http://www.w3.org/2001/XMLSchema-instance" xsi:noNamespaceSchemaLocation="https://maven.apache.org/surefire/maven-surefire-plugin/xsd/surefire-test-report-3.0.xsd" version="3.0" name="com.paymentswitch.acquirer.handler.AcquirerMessageHandlerTest" time="3.243" tests="2" errors="0" skipped="0" failures="0">
  <properties>
[...]
</properties>
  <testcase name="authorizationRequestRoutesToIssuerAndReturnsIssuerResponse" classname="com.paymentswitch.acquirer.handler.AcquirerMessageHandlerTest" time="2.825">
    <system-err><![CDATA[SLF4J: Failed to load class "org.slf4j.impl.StaticLoggerBinder".
SLF4J: Defaulting to no-operation (NOP) logger implementation
SLF4J: See http://www.slf4j.org/codes.html#StaticLoggerBinder for further details.
]]></system-err>
  </testcase>
  <testcase name="networkManagementRequestIsAnsweredLocallyAs0810" classname="com.paymentswitch.acquirer.handler.AcquirerMessageHandlerTest" time="0.001"/>
</testsuite>